[09/Jun/2015 05:04:57]"GET / HTTP/1.1" 200 6585
[09/Jun/2015 05:04:58]"GET /static/css/styles.css HTTP/1.1" 304 0
[09/Jun/2015 05:04:58]"GET /static/js/scripts.js HTTP/1.1" 304 0
[09/Jun/2015 05:05:01]"GET /admin/ HTTP/1.1" 302 0
[09/Jun/2015 05:05:01]"GET /admin/login/?next=/admin/ HTTP/1.1" 200 1925
[09/Jun/2015 05:05:10]"POST /admin/login/?next=/admin/ HTTP/1.1" 302 0
[09/Jun/2015 05:05:10]"GET /admin/ HTTP/1.1" 200 6748
[09/Jun/2015 05:05:18]"GET /admin/auth/user/ HTTP/1.1" 200 11746
[09/Jun/2015 05:05:21]"GET /static/admin/css/changelists.css HTTP/1.1" 200 5254
[09/Jun/2015 05:05:21]"GET /static/admin/js/admin/RelatedObjectLookups.js HTTP/1.1" 200 4464
[09/Jun/2015 05:05:21]"GET /static/admin/js/core.js HTTP/1.1" 200 7522
[09/Jun/2015 05:05:21]"GET /static/admin/js/jquery.init.js HTTP/1.1" 200 326
[09/Jun/2015 05:05:21]"GET /admin/jsi18n/ HTTP/1.1" 200 2344
[09/Jun/2015 05:05:21]"GET /static/admin/js/actions.js HTTP/1.1" 200 4910
[09/Jun/2015 05:05:21]"GET /static/admin/img/icon_searchbox.png HTTP/1.1" 200 368
[09/Jun/2015 05:05:21]"GET /static/admin/js/jquery.js HTTP/1.1" 200 284184
[09/Jun/2015 05:05:21]"GET /static/admin/img/icon-yes.gif HTTP/1.1" 200 299
[09/Jun/2015 05:05:21]"GET /static/admin/img/icon-no.gif HTTP/1.1" 200 176
[09/Jun/2015 05:05:21]"GET /static/admin/img/changelist-bg.gif HTTP/1.1" 200 50
[09/Jun/2015 05:05:21]"GET /static/admin/img/tooltag-add.png HTTP/1.1" 200 119
[09/Jun/2015 05:05:21]"GET /static/admin/img/nav-bg-selected.gif HTTP/1.1" 200 265
[09/Jun/2015 05:05:21]"GET /static/admin/img/sorting-icons.gif HTTP/1.1" 200 369
[09/Jun/2015 05:05:24]"GET /admin/auth/user/53/ HTTP/1.1" 200 16407
[09/Jun/2015 05:05:24]"GET /static/admin/css/forms.css HTTP/1.1" 200 6266
[09/Jun/2015 05:05:24]"GET /static/admin/js/related-widget-wrapper.js HTTP/1.1" 200 857
[09/Jun/2015 05:05:24]"GET /admin/jsi18n/ HTTP/1.1" 200 2344
[09/Jun/2015 05:05:24]"GET /static/admin/js/SelectBox.js HTTP/1.1" 200 4222
[09/Jun/2015 05:05:24]"GET /static/admin/js/SelectFilter2.js HTTP/1.1" 200 10127
[09/Jun/2015 05:05:24]"GET /static/admin/js/calendar.js HTTP/1.1" 200 5969
[09/Jun/2015 05:05:24]"GET /static/admin/css/widgets.css HTTP/1.1" 200 10430
[09/Jun/2015 05:05:25]"GET /static/admin/js/admin/DateTimeShortcuts.js HTTP/1.1" 200 17161
[09/Jun/2015 05:05:25]"GET /static/admin/img/icon_deletelink.gif HTTP/1.1" 200 181
[09/Jun/2015 05:05:25]"GET /static/admin/img/icon_calendar.gif HTTP/1.1" 200 192
[09/Jun/2015 05:05:25]"GET /static/admin/img/icon_clock.gif HTTP/1.1" 200 390
[09/Jun/2015 05:05:25]"GET /static/admin/img/selector-icons.gif HTTP/1.1" 200 2771
[09/Jun/2015 05:05:25]"GET /static/admin/img/icon-unknown.gif HTTP/1.1" 200 130
[09/Jun/2015 05:05:25]"GET /static/admin/img/selector-search.gif HTTP/1.1" 200 552
[09/Jun/2015 05:05:33]"GET /admin/auth/user/53/password/ HTTP/1.1" 200 2911
[09/Jun/2015 05:05:33]"GET /admin/jsi18n/ HTTP/1.1" 200 2344
[09/Jun/2015 05:05:45]"GET /static/admin/img/default-bg-reverse.gif HTTP/1.1" 200 835
[09/Jun/2015 05:05:45]"POST /admin/auth/user/53/password/ HTTP/1.1" 302 0
[09/Jun/2015 05:05:45]"GET /admin/auth/user/53/ HTTP/1.1" 200 16529
[09/Jun/2015 05:05:45]"GET /admin/jsi18n/ HTTP/1.1" 200 2344
[09/Jun/2015 05:05:45]"GET /static/admin/img/icon_success.gif HTTP/1.1" 200 341
[09/Jun/2015 05:05:56]"POST /admin/auth/user/53/ HTTP/1.1" 302 0
[09/Jun/2015 05:05:57]"GET /admin/auth/user/ HTTP/1.1" 200 11890
[09/Jun/2015 05:05:57]"GET /admin/jsi18n/ HTTP/1.1" 200 2344
[09/Jun/2015 05:06:00]"GET /admin/auth/user/45/ HTTP/1.1" 200 16393
[09/Jun/2015 05:06:00]"GET /admin/jsi18n/ HTTP/1.1" 200 2344
[09/Jun/2015 05:06:07]"GET /admin/auth/user/45/password/ HTTP/1.1" 200 2923
[09/Jun/2015 05:06:08]"GET /admin/jsi18n/ HTTP/1.1" 200 2344
[09/Jun/2015 05:06:18]"POST /admin/auth/user/45/password/ HTTP/1.1" 302 0
[09/Jun/2015 05:06:18]"GET /admin/auth/user/45/ HTTP/1.1" 200 16515
[09/Jun/2015 05:06:19]"GET /admin/jsi18n/ HTTP/1.1" 200 2344
[09/Jun/2015 05:06:22]"POST /admin/auth/user/45/ HTTP/1.1" 302 0
[09/Jun/2015 05:06:22]"GET /admin/auth/user/ HTTP/1.1" 200 11893
[09/Jun/2015 05:06:25]"GET /admin/jsi18n/ HTTP/1.1" 200 2344
[09/Jun/2015 05:06:29]"GET /admin/auth/user/44/ HTTP/1.1" 200 16417
[09/Jun/2015 05:06:30]"GET /admin/jsi18n/ HTTP/1.1" 200 2344
[09/Jun/2015 05:06:58]"GET /admin/auth/user/44/password/ HTTP/1.1" 200 2931
[09/Jun/2015 05:06:58]"GET /admin/jsi18n/ HTTP/1.1" 200 2344
[09/Jun/2015 05:07:23]"POST /admin/auth/user/44/password/ HTTP/1.1" 302 0
[09/Jun/2015 05:07:24]"GET /admin/auth/user/44/ HTTP/1.1" 200 16539
[09/Jun/2015 05:07:24]"GET /admin/jsi18n/ HTTP/1.1" 200 2344
[09/Jun/2015 05:07:29]"POST /admin/auth/user/44/ HTTP/1.1" 302 0
[09/Jun/2015 05:07:32]"GET /admin/auth/user/ HTTP/1.1" 200 11895
[09/Jun/2015 05:07:32]"GET /admin/jsi18n/ HTTP/1.1" 200 2344
[09/Jun/2015 05:07:36]"GET /admin/auth/user/52/ HTTP/1.1" 200 16413
[09/Jun/2015 05:07:36]"GET /admin/jsi18n/ HTTP/1.1" 200 2344
[09/Jun/2015 05:07:42]"GET /admin/auth/user/52/password/ HTTP/1.1" 200 2923
[09/Jun/2015 05:07:42]"GET /admin/jsi18n/ HTTP/1.1" 200 2344
[09/Jun/2015 05:07:46]"POST /admin/auth/user/52/password/ HTTP/1.1" 302 0
[09/Jun/2015 05:07:47]"GET /admin/auth/user/52/ HTTP/1.1" 200 16535
[09/Jun/2015 05:07:47]"GET /admin/jsi18n/ HTTP/1.1" 200 2344
[09/Jun/2015 05:07:49]"POST /admin/auth/user/52/ HTTP/1.1" 302 0
[09/Jun/2015 05:07:53]"GET /admin/auth/user/ HTTP/1.1" 200 11893
[09/Jun/2015 05:07:54]"GET /admin/jsi18n/ HTTP/1.1" 200 2344
[09/Jun/2015 05:07:57]"GET /admin/auth/user/38/ HTTP/1.1" 200 16411
[09/Jun/2015 05:07:57]"GET /admin/jsi18n/ HTTP/1.1" 200 2344
[09/Jun/2015 05:08:03]"GET /admin/auth/user/38/password/ HTTP/1.1" 200 2919
[09/Jun/2015 05:08:03]"GET /admin/jsi18n/ HTTP/1.1" 200 2344
[09/Jun/2015 05:08:08]"POST /admin/auth/user/38/password/ HTTP/1.1" 302 0
[09/Jun/2015 05:08:08]"GET /admin/auth/user/38/ HTTP/1.1" 200 16533
[09/Jun/2015 05:08:08]"GET /admin/jsi18n/ HTTP/1.1" 200 2344
[09/Jun/2015 05:08:12]"POST /admin/auth/user/38/ HTTP/1.1" 302 0
[09/Jun/2015 05:08:15]"GET /admin/auth/user/ HTTP/1.1" 200 11892
[09/Jun/2015 05:08:15]"GET /admin/jsi18n/ HTTP/1.1" 200 2344
[09/Jun/2015 05:08:52]"GET /admin/auth/user/48/ HTTP/1.1" 200 16343
[09/Jun/2015 05:08:52]"GET /admin/jsi18n/ HTTP/1.1" 200 2344
[09/Jun/2015 05:09:03]"GET /admin/auth/user/48/password/ HTTP/1.1" 200 2903
[09/Jun/2015 05:09:04]"GET /admin/jsi18n/ HTTP/1.1" 200 2344
[09/Jun/2015 05:09:08]"POST /admin/auth/user/48/password/ HTTP/1.1" 302 0
[09/Jun/2015 05:09:08]"GET /admin/auth/user/48/ HTTP/1.1" 200 16465
[09/Jun/2015 05:09:08]"GET /admin/jsi18n/ HTTP/1.1" 200 2344
[09/Jun/2015 05:10:04]"POST /admin/auth/user/48/ HTTP/1.1" 302 0
[09/Jun/2015 05:10:05]"GET /admin/auth/user/ HTTP/1.1" 200 11896
[09/Jun/2015 05:10:05]"GET /admin/jsi18n/ HTTP/1.1" 200 2344
[09/Jun/2015 05:10:15]"GET /admin/auth/user/41/ HTTP/1.1" 200 16401
[09/Jun/2015 05:10:15]"GET /admin/jsi18n/ HTTP/1.1" 200 2344
[09/Jun/2015 05:10:38]"GET /admin/auth/user/41/password/ HTTP/1.1" 200 2899
[09/Jun/2015 05:10:38]"GET /admin/jsi18n/ HTTP/1.1" 200 2344
[09/Jun/2015 05:10:43]"POST /admin/auth/user/41/password/ HTTP/1.1" 302 0
[09/Jun/2015 05:10:43]"GET /admin/auth/user/41/ HTTP/1.1" 200 16523
[09/Jun/2015 05:10:44]"GET /admin/jsi18n/ HTTP/1.1" 200 2344
[09/Jun/2015 05:10:54]"POST /admin/auth/user/41/ HTTP/1.1" 302 0
[09/Jun/2015 05:10:55]"GET /admin/auth/user/ HTTP/1.1" 200 11899
[09/Jun/2015 05:10:55]"GET /admin/jsi18n/ HTTP/1.1" 200 2344
[09/Jun/2015 05:11:03]"GET /admin/auth/user/40/ HTTP/1.1" 200 16409
[09/Jun/2015 05:11:03]"GET /admin/jsi18n/ HTTP/1.1" 200 2344
[09/Jun/2015 05:11:06]"GET /admin/auth/user/40/password/ HTTP/1.1" 200 2915
[09/Jun/2015 05:11:06]"GET /admin/jsi18n/ HTTP/1.1" 200 2344
[09/Jun/2015 05:11:10]"POST /admin/auth/user/40/password/ HTTP/1.1" 302 0
[09/Jun/2015 05:11:11]"GET /admin/auth/user/40/ HTTP/1.1" 200 16531
[09/Jun/2015 05:11:12]"GET /admin/jsi18n/ HTTP/1.1" 200 2344
[09/Jun/2015 05:11:51]"POST /admin/auth/user/40/ HTTP/1.1" 302 0
[09/Jun/2015 05:11:51]"GET /admin/auth/user/ HTTP/1.1" 200 11899
[09/Jun/2015 05:11:51]"GET /admin/jsi18n/ HTTP/1.1" 200 2344
[09/Jun/2015 05:11:54]"GET /admin/auth/user/43/ HTTP/1.1" 200 16409
[09/Jun/2015 05:11:54]"GET /admin/jsi18n/ HTTP/1.1" 200 2344
[09/Jun/2015 05:12:13]"GET /admin/auth/user/43/password/ HTTP/1.1" 200 2915
[09/Jun/2015 05:12:19]"GET /admin/jsi18n/ HTTP/1.1" 200 2344
[09/Jun/2015 05:12:23]"POST /admin/auth/user/43/password/ HTTP/1.1" 302 0
[09/Jun/2015 05:12:29]"GET /admin/auth/user/43/ HTTP/1.1" 200 16531
[09/Jun/2015 05:12:29]"GET /admin/jsi18n/ HTTP/1.1" 200 2344
[09/Jun/2015 05:12:33]"POST /admin/auth/user/43/ HTTP/1.1" 302 0
[09/Jun/2015 05:12:39]"GET /admin/auth/user/ HTTP/1.1" 200 11899
[09/Jun/2015 05:12:39]"GET /admin/jsi18n/ HTTP/1.1" 200 2344
[09/Jun/2015 05:12:55]"GET /admin/auth/user/36/ HTTP/1.1" 200 16401
[09/Jun/2015 05:12:55]"GET /admin/jsi18n/ HTTP/1.1" 200 2344
[09/Jun/2015 05:13:11]"GET /admin/auth/user/36/password/ HTTP/1.1" 200 2899
[09/Jun/2015 05:13:11]"GET /admin/jsi18n/ HTTP/1.1" 200 2344
[09/Jun/2015 05:13:17]"POST /admin/auth/user/36/password/ HTTP/1.1" 302 0
[09/Jun/2015 05:13:18]"GET /admin/auth/user/36/ HTTP/1.1" 200 16523
[09/Jun/2015 05:13:18]"GET /admin/jsi18n/ HTTP/1.1" 200 2344
[09/Jun/2015 05:13:31]"POST /admin/auth/user/36/ HTTP/1.1" 302 0
[09/Jun/2015 05:13:37]"GET /admin/auth/user/ HTTP/1.1" 200 11903
[09/Jun/2015 05:13:37]"GET /admin/jsi18n/ HTTP/1.1" 200 2344
[09/Jun/2015 05:13:40]"GET /admin/auth/user/51/ HTTP/1.1" 200 16419
[09/Jun/2015 05:13:40]"GET /admin/jsi18n/ HTTP/1.1" 200 2344
[09/Jun/2015 05:13:52]"GET /admin/auth/user/51/password/ HTTP/1.1" 200 2935
[09/Jun/2015 05:13:52]"GET /admin/jsi18n/ HTTP/1.1" 200 2344
[09/Jun/2015 05:13:57]"POST /admin/auth/user/51/password/ HTTP/1.1" 302 0
[09/Jun/2015 05:13:57]"GET /admin/auth/user/51/ HTTP/1.1" 200 16541
[09/Jun/2015 05:13:57]"GET /admin/jsi18n/ HTTP/1.1" 200 2344
[09/Jun/2015 05:14:03]"POST /admin/auth/user/51/ HTTP/1.1" 302 0
[09/Jun/2015 05:14:07]"GET /admin/auth/user/ HTTP/1.1" 200 11908
[09/Jun/2015 05:14:07]"GET /admin/jsi18n/ HTTP/1.1" 200 2344
[09/Jun/2015 05:14:23]"GET / HTTP/1.1" 200 6585
[09/Jun/2015 05:14:23]"GET /static/css/styles.css HTTP/1.1" 304 0
[09/Jun/2015 05:14:23]"GET /static/js/scripts.js HTTP/1.1" 304 0
/root/django-user/twodice/venv/lib/python3.4/site-packages/django/db/models/fields/__init__.py:1414: RuntimeWarning: DateTimeField EmployerMain.pub_date received a naive datetime (2015-06-09 00:00:00) while time zone support is active.
  RuntimeWarning)

[09/Jun/2015 05:14:43]"POST / HTTP/1.1" 302 0
[09/Jun/2015 05:14:43]"GET /internmatch/employer/contact_info/ HTTP/1.1" 200 4406
[09/Jun/2015 05:15:51]"POST /internmatch/employer/contact_info/ HTTP/1.1" 302 0
[09/Jun/2015 05:15:51]"GET /internmatch/employer/survey/ HTTP/1.1" 200 3833
[09/Jun/2015 05:16:17]"POST /internmatch/employer/survey/ HTTP/1.1" 200 10
[09/Jun/2015 05:16:18]"GET /internmatch/employer/homepage/ HTTP/1.1" 200 3925
[09/Jun/2015 05:16:22]"GET /internmatch/log_out/ HTTP/1.1" 200 1189
[09/Jun/2015 05:16:25]"GET /admin/ HTTP/1.1" 302 0
[09/Jun/2015 05:16:25]"GET /admin/login/?next=/admin/ HTTP/1.1" 200 1925
[09/Jun/2015 05:16:27]"POST /admin/login/?next=/admin/ HTTP/1.1" 302 0
[09/Jun/2015 05:16:27]"GET /admin/ HTTP/1.1" 200 6512
[09/Jun/2015 05:16:31]"GET /admin/database/employermain/ HTTP/1.1" 200 5573
[09/Jun/2015 05:16:32]"GET /admin/jsi18n/ HTTP/1.1" 200 2344
[09/Jun/2015 05:16:34]"GET /admin/database/employermain/7/ HTTP/1.1" 200 9157
[09/Jun/2015 05:16:35]"GET /admin/jsi18n/ HTTP/1.1" 200 2344
[09/Jun/2015 05:17:02]"POST /admin/database/employermain/7/ HTTP/1.1" 302 0
[09/Jun/2015 05:17:02]"GET /admin/database/employermain/ HTTP/1.1" 200 5706
[09/Jun/2015 05:17:02]"GET /admin/jsi18n/ HTTP/1.1" 200 2344
[09/Jun/2015 05:17:15]"GET /admin/database/employermain/2/ HTTP/1.1" 200 9127
[09/Jun/2015 05:17:15]"GET /admin/jsi18n/ HTTP/1.1" 200 2344
[09/Jun/2015 05:17:39]"POST /admin/database/employermain/2/ HTTP/1.1" 500 168606
[09/Jun/2015 05:17:48]"POST /admin/database/employermain/2/ HTTP/1.1" 500 168607
[09/Jun/2015 05:18:07]"GET /admin/database/employermain/2/delete/ HTTP/1.1" 200 2573
[09/Jun/2015 07:39:49]"GET / HTTP/1.1" 200 6585
[09/Jun/2015 07:39:49]"GET /static/css/styles.css HTTP/1.1" 304 0
[09/Jun/2015 07:39:49]"GET /static/js/scripts.js HTTP/1.1" 304 0
[09/Jun/2015 07:39:49]"GET /favicon.ico HTTP/1.1" 404 9176
[09/Jun/2015 07:39:49]"GET /favicon.ico HTTP/1.1" 404 9176
[09/Jun/2015 07:39:49]"GET /favicon.ico HTTP/1.1" 404 9176
[09/Jun/2015 07:39:49]"GET /favicon.ico HTTP/1.1" 404 9176
[09/Jun/2015 07:40:09]"POST /internmatch/auth/ HTTP/1.1" 302 0
[09/Jun/2015 07:40:10]"GET /internmatch/not_valid HTTP/1.1" 301 0
[09/Jun/2015 07:40:10]"GET /internmatch/not_valid/ HTTP/1.1" 403 1207
[09/Jun/2015 07:40:12]"GET /internmatch/ HTTP/1.1" 200 6585
[09/Jun/2015 07:40:22]"POST /internmatch/auth/ HTTP/1.1" 302 0
[09/Jun/2015 07:40:22]"GET /internmatch/not_valid HTTP/1.1" 301 0
[09/Jun/2015 07:40:22]"GET /internmatch/not_valid/ HTTP/1.1" 403 1207
[09/Jun/2015 07:40:24]"GET /internmatch/ HTTP/1.1" 200 6585
[09/Jun/2015 07:40:29]"POST /internmatch/auth/ HTTP/1.1" 500 72035
[09/Jun/2015 07:40:35]"GET /internmatch/ HTTP/1.1" 200 6585
[09/Jun/2015 07:40:44]"POST /internmatch/auth/ HTTP/1.1" 302 0
[09/Jun/2015 07:40:44]"GET /internmatch/not_valid HTTP/1.1" 301 0
[09/Jun/2015 07:40:44]"GET /internmatch/not_valid/ HTTP/1.1" 403 1207
[09/Jun/2015 07:40:46]"GET /internmatch/ HTTP/1.1" 200 6585
[09/Jun/2015 07:40:56]"POST /internmatch/auth/ HTTP/1.1" 302 0
[09/Jun/2015 07:40:56]"GET /internmatch/not_valid HTTP/1.1" 301 0
[09/Jun/2015 07:40:56]"GET /internmatch/not_valid/ HTTP/1.1" 403 1207
[09/Jun/2015 07:40:58]"GET /internmatch/ HTTP/1.1" 200 6585
[09/Jun/2015 07:41:03]"GET /admin/ HTTP/1.1" 302 0
[09/Jun/2015 07:41:03]"GET /admin/login/?next=/admin/ HTTP/1.1" 200 1925
[09/Jun/2015 07:41:08]"POST /admin/login/?next=/admin/ HTTP/1.1" 302 0
[09/Jun/2015 07:41:08]"GET /admin/ HTTP/1.1" 200 6748
[09/Jun/2015 07:41:11]"GET /admin/database/employermain/ HTTP/1.1" 200 5330
[09/Jun/2015 07:41:12]"GET /admin/jsi18n/ HTTP/1.1" 200 2344
[09/Jun/2015 07:41:15]"GET /admin/ HTTP/1.1" 200 6748
[09/Jun/2015 07:41:17]"GET /admin/auth/user/ HTTP/1.1" 200 11746
[09/Jun/2015 07:41:17]"GET /admin/jsi18n/ HTTP/1.1" 200 2344
[09/Jun/2015 07:41:19]"GET /admin/auth/user/53/ HTTP/1.1" 200 16407
[09/Jun/2015 07:41:19]"GET /admin/jsi18n/ HTTP/1.1" 200 2344
[09/Jun/2015 07:41:33]"GET /admin/auth/user/53/password/ HTTP/1.1" 200 2911
[09/Jun/2015 07:41:35]"GET /admin/jsi18n/ HTTP/1.1" 200 2344
[09/Jun/2015 07:41:40]"POST /admin/auth/user/53/password/ HTTP/1.1" 302 0
[09/Jun/2015 07:41:40]"GET /admin/auth/user/53/ HTTP/1.1" 200 16529
[09/Jun/2015 07:41:41]"GET /admin/jsi18n/ HTTP/1.1" 200 2344
[09/Jun/2015 07:41:45]"POST /admin/auth/user/53/ HTTP/1.1" 302 0
[09/Jun/2015 07:41:45]"GET /admin/auth/user/ HTTP/1.1" 200 11890
[09/Jun/2015 07:41:45]"GET /admin/jsi18n/ HTTP/1.1" 200 2344
[09/Jun/2015 07:41:48]"GET /admin/auth/user/45/ HTTP/1.1" 200 16393
[09/Jun/2015 07:41:48]"GET /admin/jsi18n/ HTTP/1.1" 200 2344
[09/Jun/2015 07:41:53]"GET /admin/auth/user/45/password/ HTTP/1.1" 200 2923
[09/Jun/2015 07:41:57]"GET /admin/jsi18n/ HTTP/1.1" 200 2344
[09/Jun/2015 07:42:03]"POST /admin/auth/user/45/password/ HTTP/1.1" 302 0
[09/Jun/2015 07:42:03]"GET /admin/auth/user/45/ HTTP/1.1" 200 16515
[09/Jun/2015 07:42:04]"GET /admin/jsi18n/ HTTP/1.1" 200 2344
[09/Jun/2015 07:42:07]"POST /admin/auth/user/45/ HTTP/1.1" 302 0
[09/Jun/2015 07:42:11]"GET /admin/auth/user/ HTTP/1.1" 200 11893
[09/Jun/2015 07:42:11]"GET /admin/jsi18n/ HTTP/1.1" 200 2344
[09/Jun/2015 07:42:15]"GET /admin/auth/user/44/ HTTP/1.1" 200 16417
[09/Jun/2015 07:42:15]"GET /admin/jsi18n/ HTTP/1.1" 200 2344
[09/Jun/2015 07:42:25]"GET /admin/auth/user/44/password/ HTTP/1.1" 200 2931
[09/Jun/2015 07:42:25]"GET /admin/jsi18n/ HTTP/1.1" 200 2344
[09/Jun/2015 07:42:29]"POST /admin/auth/user/44/password/ HTTP/1.1" 302 0
[09/Jun/2015 07:42:30]"GET /admin/auth/user/44/ HTTP/1.1" 200 16539
[09/Jun/2015 07:42:30]"GET /admin/jsi18n/ HTTP/1.1" 200 2344
[09/Jun/2015 07:42:38]"POST /admin/auth/user/44/ HTTP/1.1" 302 0
[09/Jun/2015 07:42:39]"GET /admin/auth/user/ HTTP/1.1" 200 11895
[09/Jun/2015 07:42:39]"GET /admin/jsi18n/ HTTP/1.1" 200 2344
[09/Jun/2015 07:42:41]"GET /admin/auth/user/52/ HTTP/1.1" 200 16413
[09/Jun/2015 07:42:41]"GET /admin/jsi18n/ HTTP/1.1" 200 2344
[09/Jun/2015 07:42:53]"GET /admin/auth/user/52/password/ HTTP/1.1" 200 2923
[09/Jun/2015 07:42:53]"GET /admin/jsi18n/ HTTP/1.1" 200 2344
[09/Jun/2015 07:42:57]"POST /admin/auth/user/52/password/ HTTP/1.1" 302 0
[09/Jun/2015 07:42:57]"GET /admin/auth/user/52/ HTTP/1.1" 200 16535
[09/Jun/2015 07:42:58]"GET /admin/jsi18n/ HTTP/1.1" 200 2344
[09/Jun/2015 07:43:01]"POST /admin/auth/user/52/ HTTP/1.1" 302 0
[09/Jun/2015 07:43:09]"GET /admin/auth/user/ HTTP/1.1" 200 11893
[09/Jun/2015 07:43:09]"GET /admin/jsi18n/ HTTP/1.1" 200 2344
[09/Jun/2015 07:43:12]"GET /admin/auth/user/38/ HTTP/1.1" 200 16411
[09/Jun/2015 07:43:12]"GET /admin/jsi18n/ HTTP/1.1" 200 2344
[09/Jun/2015 07:43:14]"GET /admin/auth/user/38/password/ HTTP/1.1" 200 2919
[09/Jun/2015 07:43:14]"GET /admin/jsi18n/ HTTP/1.1" 200 2344
[09/Jun/2015 07:43:17]"POST /admin/auth/user/38/password/ HTTP/1.1" 302 0
[09/Jun/2015 07:43:18]"GET /admin/auth/user/38/ HTTP/1.1" 200 16533
[09/Jun/2015 07:43:19]"GET /admin/jsi18n/ HTTP/1.1" 200 2344
[09/Jun/2015 07:43:33]"POST /admin/auth/user/38/ HTTP/1.1" 302 0
[09/Jun/2015 07:43:34]"GET /admin/auth/user/ HTTP/1.1" 200 11892
[09/Jun/2015 07:43:34]"GET /admin/jsi18n/ HTTP/1.1" 200 2344
[09/Jun/2015 07:43:37]"GET /admin/auth/user/48/ HTTP/1.1" 200 16343
[09/Jun/2015 07:43:37]"GET /admin/jsi18n/ HTTP/1.1" 200 2344
[09/Jun/2015 07:43:41]"GET /admin/auth/user/48/password/ HTTP/1.1" 200 2903
[09/Jun/2015 07:43:41]"GET /admin/jsi18n/ HTTP/1.1" 200 2344
[09/Jun/2015 07:43:45]"POST /admin/auth/user/48/password/ HTTP/1.1" 302 0
[09/Jun/2015 07:43:45]"GET /admin/auth/user/48/ HTTP/1.1" 200 16465
[09/Jun/2015 07:43:45]"GET /admin/jsi18n/ HTTP/1.1" 200 2344
[09/Jun/2015 07:43:52]"POST /admin/auth/user/48/ HTTP/1.1" 302 0
[09/Jun/2015 07:43:52]"GET /admin/auth/user/ HTTP/1.1" 200 11888
[09/Jun/2015 07:43:53]"GET /admin/jsi18n/ HTTP/1.1" 200 2344
[09/Jun/2015 07:43:55]"GET /admin/auth/user/41/ HTTP/1.1" 200 16401
[09/Jun/2015 07:43:55]"GET /admin/jsi18n/ HTTP/1.1" 200 2344
[09/Jun/2015 07:43:58]"GET /admin/auth/user/41/password/ HTTP/1.1" 200 2899
[09/Jun/2015 07:43:58]"GET /admin/jsi18n/ HTTP/1.1" 200 2344
[09/Jun/2015 07:44:03]"POST /admin/auth/user/41/password/ HTTP/1.1" 302 0
[09/Jun/2015 07:44:03]"GET /admin/auth/user/41/ HTTP/1.1" 200 16523
[09/Jun/2015 07:44:03]"GET /admin/jsi18n/ HTTP/1.1" 200 2344
[09/Jun/2015 07:44:12]"POST /admin/auth/user/41/ HTTP/1.1" 302 0
[09/Jun/2015 07:44:19]"GET /admin/auth/user/ HTTP/1.1" 200 11887
[09/Jun/2015 07:44:19]"GET /admin/jsi18n/ HTTP/1.1" 200 2344
[09/Jun/2015 07:44:23]"GET /admin/auth/user/40/ HTTP/1.1" 200 16409
[09/Jun/2015 07:44:23]"GET /admin/jsi18n/ HTTP/1.1" 200 2344
[09/Jun/2015 07:44:26]"GET /admin/auth/user/40/password/ HTTP/1.1" 200 2915
[09/Jun/2015 07:44:26]"GET /admin/jsi18n/ HTTP/1.1" 200 2344
[09/Jun/2015 07:44:30]"POST /admin/auth/user/40/password/ HTTP/1.1" 302 0
[09/Jun/2015 07:44:30]"GET /admin/auth/user/40/ HTTP/1.1" 200 16531
[09/Jun/2015 07:44:30]"GET /admin/jsi18n/ HTTP/1.1" 200 2344
[09/Jun/2015 07:44:33]"POST /admin/auth/user/40/ HTTP/1.1" 302 0
[09/Jun/2015 07:44:39]"GET /admin/auth/user/ HTTP/1.1" 200 11891
[09/Jun/2015 07:44:39]"GET /admin/jsi18n/ HTTP/1.1" 200 2344
[09/Jun/2015 07:44:42]"GET /admin/auth/user/43/ HTTP/1.1" 200 16409
[09/Jun/2015 07:44:42]"GET /admin/jsi18n/ HTTP/1.1" 200 2344
[09/Jun/2015 07:44:53]"GET /admin/auth/user/43/password/ HTTP/1.1" 200 2915
[09/Jun/2015 07:44:53]"GET /admin/jsi18n/ HTTP/1.1" 200 2344
[09/Jun/2015 07:45:01]"POST /admin/auth/user/43/password/ HTTP/1.1" 302 0
[09/Jun/2015 07:45:01]"GET /admin/auth/user/43/ HTTP/1.1" 200 16531
[09/Jun/2015 07:45:01]"GET /admin/jsi18n/ HTTP/1.1" 200 2344
[09/Jun/2015 07:45:05]"POST /admin/auth/user/43/ HTTP/1.1" 302 0
[09/Jun/2015 07:45:09]"GET /admin/auth/user/ HTTP/1.1" 200 11891
[09/Jun/2015 07:45:09]"GET /admin/jsi18n/ HTTP/1.1" 200 2344
[09/Jun/2015 07:45:27]"GET /admin/auth/user/36/ HTTP/1.1" 200 16401
[09/Jun/2015 07:45:27]"GET /admin/jsi18n/ HTTP/1.1" 200 2344
[09/Jun/2015 07:45:30]"GET /admin/auth/user/36/password/ HTTP/1.1" 200 2899
[09/Jun/2015 07:45:30]"GET /admin/jsi18n/ HTTP/1.1" 200 2344
[09/Jun/2015 07:45:34]"POST /admin/auth/user/36/password/ HTTP/1.1" 302 0
[09/Jun/2015 07:45:34]"GET /admin/auth/user/36/ HTTP/1.1" 200 16523
[09/Jun/2015 07:45:34]"GET /admin/jsi18n/ HTTP/1.1" 200 2344
[09/Jun/2015 07:45:38]"POST /admin/auth/user/36/ HTTP/1.1" 302 0
[09/Jun/2015 07:45:40]"GET /admin/auth/user/ HTTP/1.1" 200 11887
[09/Jun/2015 07:45:40]"GET /admin/jsi18n/ HTTP/1.1" 200 2344
[09/Jun/2015 07:47:35]"GET /admin/logout/ HTTP/1.1" 302 0
[09/Jun/2015 07:47:35]"GET /admin/ HTTP/1.1" 302 0
[09/Jun/2015 07:47:35]"GET /admin/login/?next=/admin/ HTTP/1.1" 200 1925
[09/Jun/2015 07:47:38]"POST /admin/login/?next=/admin/ HTTP/1.1" 302 0
[09/Jun/2015 07:47:39]"GET /admin/ HTTP/1.1" 200 6540
[09/Jun/2015 07:47:44]"GET /admin/auth/user/ HTTP/1.1" 200 12172
[09/Jun/2015 07:47:44]"GET /admin/jsi18n/ HTTP/1.1" 200 2344
[09/Jun/2015 07:47:49]"GET /admin/logout/ HTTP/1.1" 200 1596
[09/Jun/2015 07:47:54]"GET / HTTP/1.1" 200 6585
[09/Jun/2015 07:48:04]"POST /internmatch/auth/ HTTP/1.1" 302 4
[09/Jun/2015 07:48:04]"GET /internmatch/employer/homepage/ HTTP/1.1" 200 3925
[09/Jun/2015 07:48:15]"GET /internmatch/employer/create_job/ HTTP/1.1" 200 7019
[09/Jun/2015 07:49:50]"POST /internmatch/employer/create_job/ HTTP/1.1" 200 15
[09/Jun/2015 07:49:50]"GET /internmatch/employer/view_postings/ HTTP/1.1" 200 4175
[09/Jun/2015 07:50:02]"GET /internmatch/employer/create_job/ HTTP/1.1" 200 7019
[09/Jun/2015 07:52:09]"POST /internmatch/employer/create_job/ HTTP/1.1" 200 15
[09/Jun/2015 07:52:09]"GET /internmatch/employer/view_postings/ HTTP/1.1" 200 4932
[09/Jun/2015 07:52:14]"GET /internmatch/employer/create_job/ HTTP/1.1" 200 7019
[09/Jun/2015 07:54:27]"POST /internmatch/employer/create_job/ HTTP/1.1" 200 15
[09/Jun/2015 07:54:27]"GET /internmatch/employer/view_postings/ HTTP/1.1" 200 5663
[09/Jun/2015 07:54:47]"GET /internmatch/employer/create_job/ HTTP/1.1" 200 7019
[09/Jun/2015 07:55:32]"POST /internmatch/employer/create_job/ HTTP/1.1" 200 15
[09/Jun/2015 07:55:32]"GET /internmatch/employer/view_postings/ HTTP/1.1" 200 6374
[09/Jun/2015 07:55:35]"GET /internmatch/employer/view_postings/ HTTP/1.1" 200 6374
[09/Jun/2015 07:55:46]"GET /internmatch/employer/create_job/ HTTP/1.1" 200 7019
[09/Jun/2015 07:57:22]"POST /internmatch/employer/create_job/ HTTP/1.1" 200 15
[09/Jun/2015 07:57:23]"GET /internmatch/employer/view_postings/ HTTP/1.1" 200 6880
[09/Jun/2015 07:57:31]"GET /internmatch/log_out/ HTTP/1.1" 200 1189
[09/Jun/2015 07:57:36]"GET /internmatch/ HTTP/1.1" 200 6585
[09/Jun/2015 07:57:48]"POST /internmatch/auth/ HTTP/1.1" 302 4
[09/Jun/2015 07:57:48]"GET /internmatch/student/homepage/ HTTP/1.1" 200 5451
[09/Jun/2015 07:58:16]"GET /internmatch/student/intern_search/ HTTP/1.1" 200 6554
[09/Jun/2015 07:58:22]"GET /internmatch/student/search_results/?keywords=&title=&employer=&national=national&date_start=&date_end=&paid=nopref&fulltime=nopref&submit=Search+for+Internships HTTP/1.1" 200 9125
[09/Jun/2015 08:00:16]"GET /internmatch/log_out/ HTTP/1.1" 200 1189
[09/Jun/2015 08:00:18]"GET /internmatch/ HTTP/1.1" 200 6585
[09/Jun/2015 08:01:13]"POST /internmatch/auth/ HTTP/1.1" 302 4
[09/Jun/2015 08:01:14]"GET /internmatch/student/homepage/ HTTP/1.1" 500 90190
[09/Jun/2015 08:01:24]"GET /internmatch/ HTTP/1.1" 200 6585
[09/Jun/2015 08:07:56]"POST /internmatch/auth/ HTTP/1.1" 302 4
[09/Jun/2015 08:07:56]"GET /internmatch/student/homepage/ HTTP/1.1" 200 5444
[09/Jun/2015 08:07:56]"GET /static/css/styles.css HTTP/1.1" 304 0
[09/Jun/2015 08:07:56]"GET /static/js/scripts.js HTTP/1.1" 304 0
[09/Jun/2015 08:08:02]"GET /internmatch/student/intern_search/ HTTP/1.1" 200 6554
[09/Jun/2015 08:08:06]"GET /internmatch/student/search_results/?keywords=&title=&employer=&national=national&date_start=&date_end=&paid=nopref&fulltime=nopref&submit=Search+for+Internships HTTP/1.1" 200 9454
[09/Jun/2015 08:08:21]"GET /internmatch/student/view_job/globexSoftware%20Engineer2015-08-24/76/4/ HTTP/1.1" 200 6573
[09/Jun/2015 08:08:28]"GET /internmatch/student/apply/globexSoftware%20Engineer2015-08-24/76/4 HTTP/1.1" 301 0
[09/Jun/2015 08:08:28]"GET /internmatch/student/apply/globexSoftware%20Engineer2015-08-24/76/4/ HTTP/1.1" 200 5535
[09/Jun/2015 08:08:38]"GET /internmatch/student/view_employer/ HTTP/1.1" 404 9245
/root/django-user/twodice/venv/lib/python3.4/site-packages/django/db/models/fields/__init__.py:1414: RuntimeWarning: DateTimeField StudFavoritesMain.pub_date received a naive datetime (2015-06-09 00:00:00) while time zone support is active.
  RuntimeWarning)

[09/Jun/2015 08:09:54]"POST /internmatch/student/apply/globexSoftware%20Engineer2015-08-24/76/4/ HTTP/1.1" 302 10
[09/Jun/2015 08:09:54]"GET /internmatch/student/favorites HTTP/1.1" 301 0
[09/Jun/2015 08:10:02]"GET /internmatch/student/favorites/ HTTP/1.1" 200 7237
[09/Jun/2015 08:10:20]"GET /internmatch/student/intern_search/ HTTP/1.1" 200 6554
[09/Jun/2015 08:10:26]"GET /internmatch/student/search_results/?keywords=&title=&employer=&national=national&date_start=&date_end=&paid=nopref&fulltime=nopref&submit=Search+for+Internships HTTP/1.1" 200 9454
[09/Jun/2015 08:10:34]"GET /internmatch/student/view_job/globexGame%20Developer2015-08-31/76/2/ HTTP/1.1" 200 6185
[09/Jun/2015 08:10:44]"GET /internmatch/student/apply/globexGame%20Developer2015-08-31/76/2 HTTP/1.1" 301 0
[09/Jun/2015 08:10:44]"GET /internmatch/student/apply/globexGame%20Developer2015-08-31/76/2/ HTTP/1.1" 200 5527
[09/Jun/2015 08:10:55]"POST /internmatch/student/apply/globexGame%20Developer2015-08-31/76/2/ HTTP/1.1" 302 10
[09/Jun/2015 08:10:55]"GET /internmatch/student/favorites HTTP/1.1" 301 0
[09/Jun/2015 08:10:55]"GET /internmatch/student/favorites/ HTTP/1.1" 200 7837
[09/Jun/2015 08:11:07]"GET /internmatch/student/intern_search/ HTTP/1.1" 200 6554
[09/Jun/2015 08:11:14]"GET /internmatch/student/search_results/?keywords=&title=&employer=&radius=10&zip=&home_zip=home_zip&date_start=&date_end=&paid=nopref&fulltime=nopref&submit=Search+for+Internships HTTP/1.1" 200 7723
[09/Jun/2015 08:11:28]"GET /internmatch/student/intern_search/ HTTP/1.1" 200 6554
[09/Jun/2015 08:11:32]"GET /internmatch/student/search_results/?keywords=&title=&employer=&national=national&date_start=&date_end=&paid=nopref&fulltime=nopref&submit=Search+for+Internships HTTP/1.1" 200 9454
[09/Jun/2015 08:11:34]"GET /internmatch/student/search_results/?national=national&paid=nopref&title=&page=2&date_end=&date_start=&employer=&keywords=&fulltime=nopref&submit=Search+for+Internships HTTP/1.1" 200 8284
[09/Jun/2015 08:11:42]"GET /internmatch/student/view_job/suesnemesisGreat%20Job2015-07-21/24/2/ HTTP/1.1" 200 6064
[09/Jun/2015 08:12:08]"GET /internmatch/log_out/ HTTP/1.1" 200 1189
[09/Jun/2015 08:12:10]"GET /internmatch/ HTTP/1.1" 200 6585
[09/Jun/2015 08:12:20]"POST /internmatch/auth/ HTTP/1.1" 302 4
[09/Jun/2015 08:12:20]"GET /internmatch/employer/homepage/ HTTP/1.1" 200 3911
[09/Jun/2015 08:12:42]"GET /internmatch/employer/survey/ HTTP/1.1" 200 3833
[09/Jun/2015 08:13:15]"POST /internmatch/employer/survey/ HTTP/1.1" 200 10
[09/Jun/2015 08:13:15]"GET /internmatch/employer/homepage/ HTTP/1.1" 200 3911
[09/Jun/2015 08:13:17]"GET /internmatch/log_out/ HTTP/1.1" 200 1189
[09/Jun/2015 08:13:19]"GET /internmatch/ HTTP/1.1" 200 6585
[09/Jun/2015 08:13:28]"POST /internmatch/auth/ HTTP/1.1" 302 4
[09/Jun/2015 08:13:29]"GET /internmatch/student/homepage/ HTTP/1.1" 200 7070
[09/Jun/2015 08:13:38]"GET /internmatch/student/intern_search/ HTTP/1.1" 200 6554
[09/Jun/2015 08:13:41]"GET /internmatch/student/search_results/?keywords=&title=&employer=&national=national&date_start=&date_end=&paid=nopref&fulltime=nopref&submit=Search+for+Internships HTTP/1.1" 200 9374
[09/Jun/2015 08:13:56]"GET /internmatch/student/search_results/?national=national&paid=nopref&title=&page=2&date_end=&date_start=&employer=&keywords=&fulltime=nopref&submit=Search+for+Internships HTTP/1.1" 200 8362
[09/Jun/2015 08:14:10]"GET /internmatch/student/homepage/ HTTP/1.1" 200 7070
[09/Jun/2015 08:14:36]"GET /internmatch/log_out/ HTTP/1.1" 200 1189
[09/Jun/2015 08:14:41]"GET /internmatch/ HTTP/1.1" 200 6585
[09/Jun/2015 08:16:57]"GET /internmatch/ HTTP/1.1" 200 6585
[09/Jun/2015 08:18:25]"POST /internmatch/auth/ HTTP/1.1" 302 4
[09/Jun/2015 08:18:26]"GET /internmatch/student/homepage/ HTTP/1.1" 200 5451
[09/Jun/2015 08:18:33]"GET /internmatch/student/intern_search/ HTTP/1.1" 200 6554
[09/Jun/2015 08:18:37]"GET /internmatch/student/search_results/?keywords=&title=&employer=&national=national&date_start=&date_end=&paid=nopref&fulltime=nopref&submit=Search+for+Internships HTTP/1.1" 200 9160
[09/Jun/2015 08:18:59]"GET /internmatch/student/view_job/googleBack%20end%20developer2015-06-15/84/2/ HTTP/1.1" 200 6211
[09/Jun/2015 08:19:01]"GET /internmatch/student/view_employer/google HTTP/1.1" 301 0
[09/Jun/2015 08:19:01]"GET /internmatch/student/view_employer/google/ HTTP/1.1" 200 5036
[09/Jun/2015 08:19:10]"GET /internmatch/student/view_employer_postings/google/ HTTP/1.1" 500 95217
[09/Jun/2015 08:19:28]"GET /internmatch/student/view_employer_postings/google/ HTTP/1.1" 500 95217
[09/Jun/2015 08:36:05]"GET /internmatch/student/view_employer_postings/google/ HTTP/1.1" 500 95217
[09/Jun/2015 08:36:46]"GET /internmatch/student/view_employer_postings/google/ HTTP/1.1" 500 95217
[09/Jun/2015 08:37:45]"GET /internmatch/student/view_employer/google/ HTTP/1.1" 200 5036
[09/Jun/2015 08:37:45]"GET /static/css/styles.css HTTP/1.1" 304 0
[09/Jun/2015 08:37:45]"GET /static/bootstrap/css/navbar.css HTTP/1.1" 304 0
[09/Jun/2015 08:37:45]"GET /static/bootstrap/css/bootstrap.min.css HTTP/1.1" 304 0
[09/Jun/2015 08:37:45]"GET /static/js/scripts.js HTTP/1.1" 304 0
[09/Jun/2015 08:37:45]"GET /static/bootstrap/js/bootstrap.min.js HTTP/1.1" 304 0
[09/Jun/2015 08:37:45]"GET /static/images/logo.jpg HTTP/1.1" 304 0
[09/Jun/2015 08:37:48]"GET /internmatch/student/view_employer_postings/google/ HTTP/1.1" 500 95217
[09/Jun/2015 08:38:19]"GET /internmatch/student/view_employer_postings/google/ HTTP/1.1" 500 95217
[09/Jun/2015 08:38:22]"GET /internmatch/student/view_employer/google/ HTTP/1.1" 200 5036
[09/Jun/2015 08:38:22]"GET /static/css/styles.css HTTP/1.1" 304 0
[09/Jun/2015 08:38:22]"GET /static/bootstrap/css/navbar.css HTTP/1.1" 304 0
[09/Jun/2015 08:38:22]"GET /static/bootstrap/css/bootstrap.min.css HTTP/1.1" 304 0
[09/Jun/2015 08:38:22]"GET /static/js/scripts.js HTTP/1.1" 304 0
[09/Jun/2015 08:38:22]"GET /static/bootstrap/js/bootstrap.min.js HTTP/1.1" 304 0
[09/Jun/2015 08:38:22]"GET /static/images/logo.jpg HTTP/1.1" 304 0
Performing system checks...

System check identified no issues (0 silenced).
June 09, 2015 - 04:48:11
Django version 1.8, using settings 'internmatch.settings.dev'
Starting development server at http://0.0.0.0:8000/
Quit the server with CONTROL-C.
